TN:
SF:js/core.js
FN:6,(anonymous_0)
FN:35,init
FN:101,(anonymous_2)
FN:126,(anonymous_3)
FN:127,(anonymous_4)
FN:133,(anonymous_5)
FN:160,initToolbar
FN:171,(anonymous_7)
FN:218,(anonymous_8)
FN:269,(anonymous_9)
FN:296,(anonymous_10)
FN:310,(anonymous_11)
FN:311,(anonymous_12)
FN:403,(anonymous_13)
FN:428,(anonymous_14)
FN:449,setupEventListeners
FN:455,(anonymous_16)
FN:519,(anonymous_17)
FN:539,(anonymous_18)
FN:545,applySelection
FN:578,(anonymous_20)
FN:583,(anonymous_21)
FN:596,(anonymous_22)
FN:607,(anonymous_23)
FN:613,(anonymous_24)
FN:616,(anonymous_25)
FN:623,(anonymous_26)
FN:653,registerPlugin
FN:662,getPlugin
FN:670,getAllPlugins
FNF:30
FNH:0
FNDA:0,(anonymous_0)
FNDA:0,init
FNDA:0,(anonymous_2)
FNDA:0,(anonymous_3)
FNDA:0,(anonymous_4)
FNDA:0,(anonymous_5)
FNDA:0,initToolbar
FNDA:0,(anonymous_7)
FNDA:0,(anonymous_8)
FNDA:0,(anonymous_9)
FNDA:0,(anonymous_10)
FNDA:0,(anonymous_11)
FNDA:0,(anonymous_12)
FNDA:0,(anonymous_13)
FNDA:0,(anonymous_14)
FNDA:0,setupEventListeners
FNDA:0,(anonymous_16)
FNDA:0,(anonymous_17)
FNDA:0,(anonymous_18)
FNDA:0,applySelection
FNDA:0,(anonymous_20)
FNDA:0,(anonymous_21)
FNDA:0,(anonymous_22)
FNDA:0,(anonymous_23)
FNDA:0,(anonymous_24)
FNDA:0,(anonymous_25)
FNDA:0,(anonymous_26)
FNDA:0,registerPlugin
FNDA:0,getPlugin
FNDA:0,getAllPlugins
DA:6,0
DA:8,0
DA:11,0
DA:14,0
DA:36,0
DA:40,0
DA:41,0
DA:42,0
DA:46,0
DA:49,0
DA:50,0
DA:51,0
DA:52,0
DA:56,0
DA:57,0
DA:60,0
DA:61,0
DA:64,0
DA:65,0
DA:66,0
DA:67,0
DA:70,0
DA:71,0
DA:72,0
DA:73,0
DA:77,0
DA:78,0
DA:81,0
DA:83,0
DA:87,0
DA:88,0
DA:89,0
DA:92,0
DA:94,0
DA:95,0
DA:99,0
DA:101,0
DA:102,0
DA:103,0
DA:109,0
DA:114,0
DA:117,0
DA:120,0
DA:126,0
DA:128,0
DA:129,0
DA:130,0
DA:135,0
DA:136,0
DA:137,0
DA:139,0
DA:140,0
DA:143,0
DA:144,0
DA:145,0
DA:150,0
DA:151,0
DA:161,0
DA:162,0
DA:165,0
DA:166,0
DA:167,0
DA:168,0
DA:171,0
DA:173,0
DA:174,0
DA:175,0
DA:176,0
DA:180,0
DA:183,0
DA:185,0
DA:186,0
DA:189,0
DA:190,0
DA:191,0
DA:192,0
DA:193,0
DA:194,0
DA:195,0
DA:196,0
DA:197,0
DA:198,0
DA:199,0
DA:200,0
DA:201,0
DA:202,0
DA:203,0
DA:204,0
DA:205,0
DA:206,0
DA:207,0
DA:208,0
DA:209,0
DA:210,0
DA:211,0
DA:212,0
DA:215,0
DA:220,0
DA:221,0
DA:222,0
DA:223,0
DA:224,0
DA:225,0
DA:226,0
DA:227,0
DA:228,0
DA:229,0
DA:230,0
DA:231,0
DA:232,0
DA:233,0
DA:234,0
DA:236,0
DA:237,0
DA:238,0
DA:240,0
DA:242,0
DA:243,0
DA:245,0
DA:246,0
DA:247,0
DA:250,0
DA:251,0
DA:252,0
DA:253,0
DA:254,0
DA:255,0
DA:256,0
DA:257,0
DA:258,0
DA:259,0
DA:262,0
DA:269,0
DA:270,0
DA:271,0
DA:272,0
DA:273,0
DA:274,0
DA:275,0
DA:276,0
DA:277,0
DA:278,0
DA:279,0
DA:280,0
DA:281,0
DA:284,0
DA:285,0
DA:286,0
DA:287,0
DA:288,0
DA:291,0
DA:292,0
DA:293,0
DA:296,0
DA:297,0
DA:298,0
DA:299,0
DA:300,0
DA:303,0
DA:307,0
DA:310,0
DA:311,0
DA:312,0
DA:313,0
DA:314,0
DA:317,0
DA:321,0
DA:322,0
DA:323,0
DA:324,0
DA:325,0
DA:326,0
DA:327,0
DA:328,0
DA:329,0
DA:330,0
DA:331,0
DA:333,0
DA:335,0
DA:336,0
DA:338,0
DA:339,0
DA:340,0
DA:341,0
DA:342,0
DA:343,0
DA:345,0
DA:347,0
DA:348,0
DA:350,0
DA:352,0
DA:353,0
DA:354,0
DA:357,0
DA:363,0
DA:367,0
DA:368,0
DA:369,0
DA:371,0
DA:373,0
DA:374,0
DA:375,0
DA:376,0
DA:377,0
DA:380,0
DA:382,0
DA:384,0
DA:385,0
DA:386,0
DA:387,0
DA:388,0
DA:391,0
DA:392,0
DA:393,0
DA:394,0
DA:396,0
DA:397,0
DA:398,0
DA:399,0
DA:400,0
DA:403,0
DA:404,0
DA:405,0
DA:408,0
DA:409,0
DA:410,0
DA:414,0
DA:415,0
DA:419,0
DA:420,0
DA:424,0
DA:426,0
DA:427,0
DA:428,0
DA:429,0
DA:436,0
DA:440,0
DA:451,0
DA:452,0
DA:455,0
DA:456,0
DA:457,0
DA:459,0
DA:460,0
DA:461,0
DA:465,0
DA:466,0
DA:467,0
DA:468,0
DA:472,0
DA:474,0
DA:475,0
DA:479,0
DA:480,0
DA:481,0
DA:482,0
DA:483,0
DA:485,0
DA:486,0
DA:489,0
DA:491,0
DA:494,0
DA:495,0
DA:497,0
DA:498,0
DA:500,0
DA:504,0
DA:508,0
DA:509,0
DA:510,0
DA:513,0
DA:515,0
DA:519,0
DA:521,0
DA:522,0
DA:525,0
DA:527,0
DA:528,0
DA:529,0
DA:533,0
DA:534,0
DA:537,0
DA:539,0
DA:540,0
DA:546,0
DA:548,0
DA:549,0
DA:550,0
DA:551,0
DA:556,0
DA:557,0
DA:560,0
DA:561,0
DA:562,0
DA:564,0
DA:565,0
DA:570,0
DA:572,0
DA:573,0
DA:578,0
DA:579,0
DA:583,0
DA:584,0
DA:588,0
DA:596,0
DA:598,0
DA:599,0
DA:603,0
DA:607,0
DA:609,0
DA:613,0
DA:614,0
DA:616,0
DA:617,0
DA:623,0
DA:624,0
DA:627,0
DA:630,0
DA:631,0
DA:632,0
DA:633,0
DA:634,0
DA:635,0
DA:637,0
DA:638,0
DA:642,0
DA:643,0
DA:654,0
DA:663,0
DA:671,0
DA:675,0
DA:684,0
LF:332
LH:0
BRDA:35,0,0,0
BRDA:36,1,0,0
BRDA:36,1,1,0
BRDA:40,2,0,0
BRDA:40,2,1,0
BRDA:51,3,0,0
BRDA:51,3,1,0
BRDA:70,4,0,0
BRDA:70,4,1,0
BRDA:70,5,0,0
BRDA:70,5,1,0
BRDA:72,6,0,0
BRDA:72,6,1,0
BRDA:72,7,0,0
BRDA:72,7,1,0
BRDA:81,8,0,0
BRDA:81,8,1,0
BRDA:92,9,0,0
BRDA:92,9,1,0
BRDA:94,10,0,0
BRDA:94,10,1,0
BRDA:99,11,0,0
BRDA:99,11,1,0
BRDA:102,12,0,0
BRDA:102,12,1,0
BRDA:102,13,0,0
BRDA:102,13,1,0
BRDA:129,14,0,0
BRDA:129,14,1,0
BRDA:135,15,0,0
BRDA:135,15,1,0
BRDA:144,16,0,0
BRDA:144,16,1,0
BRDA:173,17,0,0
BRDA:173,17,1,0
BRDA:173,18,0,0
BRDA:173,18,1,0
BRDA:183,19,0,0
BRDA:183,19,1,0
BRDA:189,20,0,0
BRDA:189,20,1,0
BRDA:190,21,0,0
BRDA:190,21,1,0
BRDA:191,22,0,0
BRDA:191,22,1,0
BRDA:192,23,0,0
BRDA:192,23,1,0
BRDA:193,24,0,0
BRDA:193,24,1,0
BRDA:194,25,0,0
BRDA:194,25,1,0
BRDA:195,26,0,0
BRDA:195,26,1,0
BRDA:196,27,0,0
BRDA:196,27,1,0
BRDA:197,28,0,0
BRDA:197,28,1,0
BRDA:198,29,0,0
BRDA:198,29,1,0
BRDA:199,30,0,0
BRDA:199,30,1,0
BRDA:200,31,0,0
BRDA:200,31,1,0
BRDA:201,32,0,0
BRDA:201,32,1,0
BRDA:202,33,0,0
BRDA:202,33,1,0
BRDA:203,34,0,0
BRDA:203,34,1,0
BRDA:204,35,0,0
BRDA:204,35,1,0
BRDA:205,36,0,0
BRDA:205,36,1,0
BRDA:206,37,0,0
BRDA:206,37,1,0
BRDA:207,38,0,0
BRDA:207,38,1,0
BRDA:208,39,0,0
BRDA:208,39,1,0
BRDA:209,40,0,0
BRDA:209,40,1,0
BRDA:210,41,0,0
BRDA:210,41,1,0
BRDA:211,42,0,0
BRDA:211,42,1,0
BRDA:212,43,0,0
BRDA:212,43,1,0
BRDA:220,44,0,0
BRDA:220,44,1,0
BRDA:222,45,0,0
BRDA:222,45,1,0
BRDA:224,46,0,0
BRDA:224,46,1,0
BRDA:226,47,0,0
BRDA:226,47,1,0
BRDA:228,48,0,0
BRDA:228,48,1,0
BRDA:230,49,0,0
BRDA:230,49,1,0
BRDA:232,50,0,0
BRDA:232,50,1,0
BRDA:234,51,0,0
BRDA:234,51,1,0
BRDA:237,52,0,0
BRDA:237,52,1,0
BRDA:237,53,0,0
BRDA:237,53,1,0
BRDA:240,54,0,0
BRDA:240,54,1,0
BRDA:243,55,0,0
BRDA:243,55,1,0
BRDA:312,56,0,0
BRDA:312,56,1,0
BRDA:312,57,0,0
BRDA:312,57,1,0
BRDA:322,58,0,0
BRDA:322,58,1,0
BRDA:324,59,0,0
BRDA:324,59,1,0
BRDA:326,60,0,0
BRDA:326,60,1,0
BRDA:328,61,0,0
BRDA:328,61,1,0
BRDA:330,62,0,0
BRDA:330,62,1,0
BRDA:333,63,0,0
BRDA:333,63,1,0
BRDA:338,64,0,0
BRDA:338,64,1,0
BRDA:338,65,0,0
BRDA:338,65,1,0
BRDA:350,66,0,0
BRDA:350,66,1,0
BRDA:353,67,0,0
BRDA:353,67,1,0
BRDA:367,68,0,0
BRDA:367,68,1,0
BRDA:367,69,0,0
BRDA:367,69,1,0
BRDA:367,69,2,0
BRDA:369,70,0,0
BRDA:369,70,1,0
BRDA:371,71,0,0
BRDA:371,71,1,0
BRDA:371,72,0,0
BRDA:371,72,1,0
BRDA:373,73,0,0
BRDA:373,73,1,0
BRDA:382,74,0,0
BRDA:382,74,1,0
BRDA:387,75,0,0
BRDA:387,75,1,0
BRDA:391,76,0,0
BRDA:391,76,1,0
BRDA:408,77,0,0
BRDA:408,77,1,0
BRDA:414,78,0,0
BRDA:414,78,1,0
BRDA:419,79,0,0
BRDA:419,79,1,0
BRDA:419,80,0,0
BRDA:419,80,1,0
BRDA:424,81,0,0
BRDA:424,81,1,0
BRDA:427,82,0,0
BRDA:427,82,1,0
BRDA:459,83,0,0
BRDA:459,83,1,0
BRDA:459,84,0,0
BRDA:459,84,1,0
BRDA:466,85,0,0
BRDA:466,85,1,0
BRDA:466,86,0,0
BRDA:466,86,1,0
BRDA:474,87,0,0
BRDA:474,87,1,0
BRDA:481,88,0,0
BRDA:481,88,1,0
BRDA:485,89,0,0
BRDA:485,89,1,0
BRDA:489,90,0,0
BRDA:489,90,1,0
BRDA:495,91,0,0
BRDA:495,91,1,0
BRDA:498,92,0,0
BRDA:498,92,1,0
BRDA:508,93,0,0
BRDA:508,93,1,0
BRDA:521,94,0,0
BRDA:521,94,1,0
BRDA:527,95,0,0
BRDA:527,95,1,0
BRDA:527,96,0,0
BRDA:527,96,1,0
BRDA:533,97,0,0
BRDA:533,97,1,0
BRDA:537,98,0,0
BRDA:537,98,1,0
BRDA:549,99,0,0
BRDA:549,99,1,0
BRDA:598,100,0,0
BRDA:598,100,1,0
BRDA:614,101,0,0
BRDA:614,101,1,0
BRDA:627,102,0,0
BRDA:627,102,1,0
BRDA:630,103,0,0
BRDA:630,103,1,0
BRDA:632,104,0,0
BRDA:632,104,1,0
BRDA:632,105,0,0
BRDA:632,105,1,0
BRDA:637,106,0,0
BRDA:637,106,1,0
BRDA:637,107,0,0
BRDA:637,107,1,0
BRDA:642,108,0,0
BRDA:642,108,1,0
BRDA:663,109,0,0
BRDA:663,109,1,0
BRF:220
BRH:0
end_of_record
TN:
SF:plugins/align.js
FN:6,(anonymous_0)
FN:11,(anonymous_1)
FN:37,(anonymous_2)
FN:52,(anonymous_3)
FN:88,(anonymous_4)
FN:98,(anonymous_5)
FN:120,(anonymous_6)
FNF:7
FNH:0
FNDA:0,(anonymous_0)
FNDA:0,(anonymous_1)
FNDA:0,(anonymous_2)
FNDA:0,(anonymous_3)
FNDA:0,(anonymous_4)
FNDA:0,(anonymous_5)
FNDA:0,(anonymous_6)
DA:6,0
DA:8,0
DA:13,0
DA:14,0
DA:15,0
DA:18,0
DA:19,0
DA:20,0
DA:21,0
DA:24,0
DA:25,0
DA:26,0
DA:29,0
DA:37,0
DA:38,0
DA:39,0
DA:40,0
DA:43,0
DA:44,0
DA:45,0
DA:46,0
DA:49,0
DA:52,0
DA:53,0
DA:54,0
DA:57,0
DA:58,0
DA:62,0
DA:65,0
DA:68,0
DA:69,0
DA:72,0
DA:75,0
DA:76,0
DA:81,0
DA:85,0
DA:88,0
DA:89,0
DA:90,0
DA:93,0
DA:94,0
DA:98,0
DA:99,0
DA:100,0
DA:101,0
DA:106,0
DA:109,0
DA:110,0
DA:111,0
DA:112,0
DA:113,0
DA:115,0
DA:120,0
DA:121,0
DA:122,0
DA:123,0
DA:127,0
LF:57
LH:0
BRDA:57,0,0,0
BRDA:57,0,1,0
BRDA:75,1,0,0
BRDA:75,1,1,0
BRDA:93,2,0,0
BRDA:93,2,1,0
BRDA:99,3,0,0
BRDA:99,3,1,0
BRDA:109,4,0,0
BRDA:109,4,1,0
BRDA:121,5,0,0
BRDA:121,5,1,0
BRDA:121,6,0,0
BRDA:121,6,1,0
BRF:14
BRH:0
end_of_record
TN:
SF:plugins/blockquote.js
FN:6,(anonymous_0)
FN:11,(anonymous_1)
FN:22,(anonymous_2)
FN:25,(anonymous_3)
FNF:4
FNH:1
FNDA:1,(anonymous_0)
FNDA:0,(anonymous_1)
FNDA:0,(anonymous_2)
FNDA:0,(anonymous_3)
DA:6,1
DA:8,1
DA:13,0
DA:14,0
DA:15,0
DA:19,0
DA:22,0
DA:23,0
DA:24,0
DA:25,0
DA:26,0
DA:27,0
DA:28,0
DA:29,0
DA:33,0
LF:15
LH:2
BRDA:13,0,0,0
BRDA:13,0,1,0
BRDA:26,1,0,0
BRDA:26,1,1,0
BRF:4
BRH:0
end_of_record
TN:
SF:plugins/bold.js
FN:6,(anonymous_0)
FN:14,(anonymous_1)
FNF:2
FNH:1
FNDA:1,(anonymous_0)
FNDA:0,(anonymous_1)
DA:6,1
DA:11,1
DA:16,0
LF:3
LH:2
BRF:0
BRH:0
end_of_record
TN:
SF:plugins/code.js
FN:6,(anonymous_0)
FN:11,(anonymous_1)
FNF:2
FNH:1
FNDA:1,(anonymous_0)
FNDA:0,(anonymous_1)
DA:6,1
DA:8,1
DA:13,0
LF:3
LH:2
BRF:0
BRH:0
end_of_record
TN:
SF:plugins/fontColor.js
FN:6,(anonymous_0)
FN:9,(anonymous_1)
FN:48,(anonymous_2)
FN:55,(anonymous_3)
FN:62,(anonymous_4)
FN:88,(anonymous_5)
FN:96,(anonymous_6)
FN:106,(anonymous_7)
FN:143,(anonymous_8)
FNF:9
FNH:0
FNDA:0,(anonymous_0)
FNDA:0,(anonymous_1)
FNDA:0,(anonymous_2)
FNDA:0,(anonymous_3)
FNDA:0,(anonymous_4)
FNDA:0,(anonymous_5)
FNDA:0,(anonymous_6)
FNDA:0,(anonymous_7)
FNDA:0,(anonymous_8)
DA:6,0
DA:8,0
DA:11,0
DA:12,0
DA:13,0
DA:17,0
DA:18,0
DA:19,0
DA:20,0
DA:23,0
DA:24,0
DA:25,0
DA:26,0
DA:29,0
DA:38,0
DA:39,0
DA:40,0
DA:43,0
DA:44,0
DA:45,0
DA:48,0
DA:49,0
DA:50,0
DA:51,0
DA:52,0
DA:55,0
DA:57,0
DA:58,0
DA:59,0
DA:62,0
DA:64,0
DA:67,0
DA:70,0
DA:71,0
DA:73,0
DA:76,0
DA:81,0
DA:85,0
DA:88,0
DA:89,0
DA:93,0
DA:96,0
DA:97,0
DA:98,0
DA:101,0
DA:102,0
DA:106,0
DA:107,0
DA:108,0
DA:109,0
DA:114,0
DA:117,0
DA:119,0
DA:120,0
DA:121,0
DA:122,0
DA:123,0
DA:124,0
DA:125,0
DA:126,0
DA:127,0
DA:130,0
DA:131,0
DA:132,0
DA:133,0
DA:137,0
DA:138,0
DA:143,0
DA:145,0
DA:146,0
DA:147,0
DA:148,0
DA:149,0
DA:150,0
DA:151,0
DA:157,0
DA:159,0
LF:77
LH:0
BRDA:57,0,0,0
BRDA:57,0,1,0
BRDA:101,1,0,0
BRDA:101,1,1,0
BRDA:107,2,0,0
BRDA:107,2,1,0
BRDA:117,3,0,0
BRDA:117,3,1,0
BRDA:137,4,0,0
BRDA:137,4,1,0
BRDA:145,5,0,0
BRDA:145,5,1,0
BRDA:145,6,0,0
BRDA:145,6,1,0
BRDA:146,7,0,0
BRDA:146,7,1,0
BRF:16
BRH:0
end_of_record
TN:
SF:plugins/fontFamily.js
FN:7,(anonymous_0)
FN:13,processContentEditableSelection
FN:50,getNodeOffset
FN:80,getTextContent
FN:97,hasValidSelection
FN:109,applyStyleToNodes
FN:124,injectFontFamilyStyles
FN:181,ensureFontDropdownContainer
FN:199,applyFontToSelection
FN:309,formatHTML
FN:316,(anonymous_10)
FN:337,(anonymous_11)
FN:350,(anonymous_12)
FN:437,(anonymous_13)
FN:469,(anonymous_14)
FN:473,(anonymous_15)
FN:478,(anonymous_16)
FN:558,(anonymous_17)
FN:577,(anonymous_18)
FN:605,(anonymous_19)
FNF:20
FNH:0
FNDA:0,(anonymous_0)
FNDA:0,processContentEditableSelection
FNDA:0,getNodeOffset
FNDA:0,getTextContent
FNDA:0,hasValidSelection
FNDA:0,applyStyleToNodes
FNDA:0,injectFontFamilyStyles
FNDA:0,ensureFontDropdownContainer
FNDA:0,applyFontToSelection
FNDA:0,formatHTML
FNDA:0,(anonymous_10)
FNDA:0,(anonymous_11)
FNDA:0,(anonymous_12)
FNDA:0,(anonymous_13)
FNDA:0,(anonymous_14)
FNDA:0,(anonymous_15)
FNDA:0,(anonymous_16)
FNDA:0,(anonymous_17)
FNDA:0,(anonymous_18)
FNDA:0,(anonymous_19)
DA:7,0
DA:14,0
DA:15,0
DA:17,0
DA:18,0
DA:21,0
DA:22,0
DA:23,0
DA:24,0
DA:28,0
DA:29,0
DA:32,0
DA:39,0
DA:40,0
DA:52,0
DA:53,0
DA:54,0
DA:55,0
DA:56,0
DA:59,0
DA:62,0
DA:64,0
DA:65,0
DA:66,0
DA:67,0
DA:69,0
DA:72,0
DA:81,0
DA:82,0
DA:84,0
DA:85,0
DA:86,0
DA:87,0
DA:89,0
DA:99,0
DA:100,0
DA:111,0
DA:112,0
DA:116,0
DA:117,0
DA:118,0
DA:126,0
DA:127,0
DA:130,0
DA:131,0
DA:132,0
DA:177,0
DA:182,0
DA:183,0
DA:184,0
DA:185,0
DA:186,0
DA:187,0
DA:188,0
DA:189,0
DA:190,0
DA:191,0
DA:192,0
DA:193,0
DA:195,0
DA:200,0
DA:203,0
DA:206,0
DA:207,0
DA:208,0
DA:209,0
DA:213,0
DA:214,0
DA:215,0
DA:218,0
DA:220,0
DA:222,0
DA:223,0
DA:224,0
DA:228,0
DA:229,0
DA:230,0
DA:231,0
DA:235,0
DA:240,0
DA:241,0
DA:242,0
DA:243,0
DA:246,0
DA:247,0
DA:248,0
DA:251,0
DA:252,0
DA:255,0
DA:258,0
DA:259,0
DA:260,0
DA:263,0
DA:266,0
DA:267,0
DA:268,0
DA:269,0
DA:270,0
DA:273,0
DA:275,0
DA:278,0
DA:279,0
DA:282,0
DA:283,0
DA:284,0
DA:285,0
DA:286,0
DA:287,0
DA:290,0
DA:293,0
DA:294,0
DA:295,0
DA:296,0
DA:297,0
DA:298,0
DA:299,0
DA:302,0
DA:303,0
DA:306,0
DA:310,0
DA:311,0
DA:314,0
DA:315,0
DA:316,0
DA:317,0
DA:318,0
DA:322,0
DA:323,0
DA:324,0
DA:325,0
DA:326,0
DA:327,0
DA:330,0
DA:334,0
DA:337,0
DA:338,0
DA:339,0
DA:341,0
DA:343,0
DA:344,0
DA:349,0
DA:352,0
DA:353,0
DA:354,0
DA:355,0
DA:358,0
DA:359,0
DA:360,0
DA:361,0
DA:362,0
DA:363,0
DA:366,0
DA:367,0
DA:368,0
DA:369,0
DA:372,0
DA:373,0
DA:374,0
DA:375,0
DA:376,0
DA:377,0
DA:380,0
DA:381,0
DA:382,0
DA:383,0
DA:384,0
DA:385,0
DA:386,0
DA:387,0
DA:388,0
DA:389,0
DA:390,0
DA:391,0
DA:392,0
DA:395,0
DA:437,0
DA:439,0
DA:440,0
DA:441,0
DA:443,0
DA:445,0
DA:446,0
DA:450,0
DA:451,0
DA:452,0
DA:453,0
DA:454,0
DA:455,0
DA:456,0
DA:457,0
DA:458,0
DA:462,0
DA:463,0
DA:464,0
DA:465,0
DA:466,0
DA:469,0
DA:470,0
DA:473,0
DA:474,0
DA:478,0
DA:479,0
DA:481,0
DA:484,0
DA:486,0
DA:489,0
DA:492,0
DA:493,0
DA:497,0
DA:500,0
DA:504,0
DA:507,0
DA:509,0
DA:510,0
DA:511,0
DA:514,0
DA:515,0
DA:516,0
DA:519,0
DA:520,0
DA:521,0
DA:524,0
DA:525,0
DA:526,0
DA:527,0
DA:529,0
DA:533,0
DA:534,0
DA:538,0
DA:539,0
DA:542,0
DA:543,0
DA:547,0
DA:548,0
DA:551,0
DA:555,0
DA:558,0
DA:559,0
DA:561,0
DA:564,0
DA:566,0
DA:569,0
DA:572,0
DA:573,0
DA:577,0
DA:578,0
DA:582,0
DA:584,0
DA:586,0
DA:589,0
DA:592,0
DA:593,0
DA:596,0
DA:599,0
DA:600,0
DA:605,0
DA:607,0
DA:608,0
DA:609,0
DA:610,0
DA:611,0
DA:615,0
LF:262
LH:0
BRDA:15,0,0,0
BRDA:15,0,1,0
BRDA:15,1,0,0
BRDA:15,1,1,0
BRDA:22,2,0,0
BRDA:22,2,1,0
BRDA:52,3,0,0
BRDA:52,3,1,0
BRDA:55,4,0,0
BRDA:55,4,1,0
BRDA:66,5,0,0
BRDA:66,5,1,0
BRDA:81,6,0,0
BRDA:81,6,1,0
BRDA:100,7,0,0
BRDA:100,7,1,0
BRDA:111,8,0,0
BRDA:111,8,1,0
BRDA:111,9,0,0
BRDA:111,9,1,0
BRDA:116,10,0,0
BRDA:116,10,1,0
BRDA:116,11,0,0
BRDA:116,11,1,0
BRDA:126,12,0,0
BRDA:126,12,1,0
BRDA:183,13,0,0
BRDA:183,13,1,0
BRDA:207,14,0,0
BRDA:207,14,1,0
BRDA:207,15,0,0
BRDA:207,15,1,0
BRDA:213,16,0,0
BRDA:213,16,1,0
BRDA:213,17,0,0
BRDA:213,17,1,0
BRDA:222,18,0,0
BRDA:222,18,1,0
BRDA:229,19,0,0
BRDA:229,19,1,0
BRDA:317,20,0,0
BRDA:317,20,1,0
BRDA:325,21,0,0
BRDA:325,21,1,0
BRDA:327,22,0,0
BRDA:327,22,1,0
BRDA:327,23,0,0
BRDA:327,23,1,0
BRDA:439,24,0,0
BRDA:439,24,1,0
BRDA:450,25,0,0
BRDA:450,25,1,0
BRDA:484,26,0,0
BRDA:484,26,1,0
BRDA:507,27,0,0
BRDA:507,27,1,0
BRDA:507,28,0,0
BRDA:507,28,1,0
BRDA:507,28,2,0
BRDA:510,29,0,0
BRDA:510,29,1,0
BRDA:510,30,0,0
BRDA:510,30,1,0
BRDA:542,31,0,0
BRDA:542,31,1,0
BRDA:564,32,0,0
BRDA:564,32,1,0
BRDA:578,33,0,0
BRDA:578,33,1,0
BRDA:584,34,0,0
BRDA:584,34,1,0
BRDA:607,35,0,0
BRDA:607,35,1,0
BRDA:607,36,0,0
BRDA:607,36,1,0
BRF:75
BRH:0
end_of_record
TN:
SF:plugins/format-utils.js
FN:6,(anonymous_0)
FN:17,(anonymous_1)
FN:41,isSelectionValid
FN:47,executeCommand
FN:54,(anonymous_4)
FN:69,(anonymous_5)
FN:106,(anonymous_6)
FN:130,isSelectionValid
FN:136,isSelectionInCode
FN:151,getSelectedHtml
FN:162,executeCommand
FN:169,(anonymous_11)
FN:197,(anonymous_12)
FN:222,(anonymous_13)
FN:261,(anonymous_14)
FN:311,(anonymous_15)
FN:336,(anonymous_16)
FN:351,(anonymous_17)
FN:365,(anonymous_18)
FN:374,(anonymous_19)
FNF:20
FNH:14
FNDA:4,(anonymous_0)
FNDA:1,(anonymous_1)
FNDA:1,isSelectionValid
FNDA:1,executeCommand
FNDA:1,(anonymous_4)
FNDA:1,(anonymous_5)
FNDA:2,(anonymous_6)
FNDA:2,isSelectionValid
FNDA:2,isSelectionInCode
FNDA:1,getSelectedHtml
FNDA:2,executeCommand
FNDA:2,(anonymous_11)
FNDA:0,(anonymous_12)
FNDA:2,(anonymous_13)
FNDA:1,(anonymous_14)
FNDA:0,(anonymous_15)
FNDA:0,(anonymous_16)
FNDA:0,(anonymous_17)
FNDA:0,(anonymous_18)
FNDA:0,(anonymous_19)
DA:6,4
DA:8,4
DA:17,4
DA:19,1
DA:20,1
DA:21,1
DA:25,1
DA:26,0
DA:28,1
DA:31,1
DA:32,1
DA:36,1
DA:37,1
DA:42,1
DA:43,1
DA:47,1
DA:48,1
DA:50,1
DA:51,1
DA:54,1
DA:55,1
DA:57,1
DA:59,0
DA:63,1
DA:66,1
DA:69,1
DA:71,1
DA:72,1
DA:74,1
DA:76,1
DA:79,0
DA:84,1
DA:85,1
DA:88,0
DA:89,0
DA:94,0
DA:95,0
DA:106,4
DA:108,2
DA:109,2
DA:110,2
DA:114,2
DA:115,0
DA:117,2
DA:120,2
DA:121,2
DA:125,2
DA:126,2
DA:131,2
DA:132,2
DA:137,2
DA:138,2
DA:140,2
DA:141,2
DA:142,4
DA:143,1
DA:145,3
DA:147,1
DA:152,1
DA:153,1
DA:155,1
DA:156,1
DA:157,1
DA:158,1
DA:162,2
DA:163,2
DA:165,2
DA:166,2
DA:169,2
DA:170,2
DA:172,2
DA:174,0
DA:178,2
DA:181,2
DA:183,2
DA:186,1
DA:187,1
DA:188,1
DA:191,1
DA:192,1
DA:193,1
DA:195,0
DA:196,0
DA:197,0
DA:199,0
DA:200,0
DA:203,0
DA:204,0
DA:205,0
DA:206,0
DA:207,0
DA:208,0
DA:210,1
DA:215,1
DA:218,1
DA:222,2
DA:224,2
DA:225,2
DA:227,2
DA:229,2
DA:232,0
DA:237,2
DA:238,2
DA:241,0
DA:242,0
DA:247,0
DA:248,0
DA:261,4
DA:262,1
DA:265,1
DA:266,1
DA:269,1
DA:270,1
DA:273,1
DA:275,1
DA:276,1
DA:278,0
DA:279,0
DA:281,0
DA:287,1
DA:288,1
DA:291,1
DA:292,1
DA:295,1
DA:296,1
DA:297,1
DA:298,1
DA:300,0
DA:301,0
DA:302,0
DA:307,1
DA:311,4
DA:313,0
DA:314,0
DA:315,0
DA:319,0
DA:320,0
DA:324,0
DA:325,0
DA:329,0
DA:330,0
DA:331,0
DA:332,0
DA:336,0
DA:337,0
DA:339,0
DA:340,0
DA:345,0
DA:348,0
DA:351,0
DA:352,0
DA:353,0
DA:356,0
DA:360,0
DA:365,4
DA:366,0
DA:369,0
DA:370,0
DA:371,0
DA:374,0
DA:375,0
DA:376,0
DA:377,0
DA:382,0
DA:383,0
DA:384,0
DA:386,0
DA:387,0
DA:388,0
DA:392,0
DA:394,0
DA:395,0
DA:401,0
DA:402,0
LF:174
LH:102
BRDA:8,0,0,4
BRDA:8,0,1,0
BRDA:19,1,0,1
BRDA:19,1,1,0
BRDA:25,2,0,0
BRDA:25,2,1,1
BRDA:31,3,0,1
BRDA:31,3,1,0
BRDA:36,4,0,1
BRDA:36,4,1,0
BRDA:43,5,0,1
BRDA:43,5,1,1
BRDA:43,5,2,1
BRDA:50,6,0,1
BRDA:50,6,1,0
BRDA:57,7,0,0
BRDA:57,7,1,1
BRDA:72,8,0,1
BRDA:72,8,1,0
BRDA:72,9,0,1
BRDA:72,9,1,1
BRDA:74,10,0,1
BRDA:74,10,1,0
BRDA:74,11,0,1
BRDA:74,11,1,1
BRDA:108,12,0,2
BRDA:108,12,1,0
BRDA:114,13,0,0
BRDA:114,13,1,2
BRDA:120,14,0,2
BRDA:120,14,1,0
BRDA:125,15,0,2
BRDA:125,15,1,0
BRDA:132,16,0,2
BRDA:132,16,1,2
BRDA:132,16,2,2
BRDA:138,17,0,0
BRDA:138,17,1,2
BRDA:138,18,0,2
BRDA:138,18,1,2
BRDA:141,19,0,5
BRDA:141,19,1,5
BRDA:142,20,0,1
BRDA:142,20,1,3
BRDA:142,21,0,4
BRDA:142,21,1,4
BRDA:153,22,0,0
BRDA:153,22,1,1
BRDA:153,23,0,1
BRDA:153,23,1,1
BRDA:165,24,0,2
BRDA:165,24,1,0
BRDA:172,25,0,0
BRDA:172,25,1,2
BRDA:183,26,0,1
BRDA:183,26,1,1
BRDA:187,27,0,1
BRDA:187,27,1,0
BRDA:187,28,0,1
BRDA:187,28,1,1
BRDA:192,29,0,2
BRDA:192,29,1,1
BRDA:193,30,0,0
BRDA:193,30,1,1
BRDA:193,31,0,1
BRDA:193,31,1,1
BRDA:225,32,0,2
BRDA:225,32,1,0
BRDA:225,33,0,2
BRDA:225,33,1,2
BRDA:227,34,0,2
BRDA:227,34,1,0
BRDA:227,35,0,2
BRDA:227,35,1,2
BRDA:262,36,0,1
BRDA:262,36,1,0
BRDA:269,37,0,0
BRDA:269,37,1,1
BRDA:270,38,0,0
BRDA:270,38,1,1
BRDA:276,39,0,0
BRDA:276,39,1,1
BRDA:279,40,0,0
BRDA:279,40,1,0
BRDA:279,41,0,0
BRDA:279,41,1,0
BRDA:296,42,0,1
BRDA:296,42,1,0
BRDA:298,43,0,0
BRDA:298,43,1,1
BRDA:302,44,0,0
BRDA:302,44,1,0
BRDA:313,45,0,0
BRDA:313,45,1,0
BRDA:319,46,0,0
BRDA:319,46,1,0
BRDA:324,47,0,0
BRDA:324,47,1,0
BRDA:330,48,0,0
BRDA:330,48,1,0
BRDA:330,49,0,0
BRDA:330,49,1,0
BRDA:339,50,0,0
BRDA:339,50,1,0
BRDA:352,51,0,0
BRDA:352,51,1,0
BRDA:375,52,0,0
BRDA:375,52,1,0
BRDA:382,53,0,0
BRDA:382,53,1,0
BRDA:382,54,0,0
BRDA:382,54,1,0
BRDA:383,55,0,0
BRDA:383,55,1,0
BRDA:383,56,0,0
BRDA:383,56,1,0
BRDA:387,57,0,0
BRDA:387,57,1,0
BRDA:392,58,0,0
BRDA:392,58,1,0
BRDA:392,59,0,0
BRDA:392,59,1,0
BRDA:394,60,0,0
BRDA:394,60,1,0
BRDA:394,61,0,0
BRDA:394,61,1,0
BRDA:401,62,0,0
BRDA:401,62,1,0
BRDA:401,63,0,0
BRDA:401,63,1,0
BRF:130
BRH:59
end_of_record
TN:
SF:plugins/format.js
FN:7,(anonymous_0)
FN:12,(anonymous_1)
FN:18,(anonymous_2)
FN:24,(anonymous_3)
FN:30,(anonymous_4)
FN:36,(anonymous_5)
FN:42,(anonymous_6)
FN:48,(anonymous_7)
FNF:8
FNH:0
FNDA:0,(anonymous_0)
FNDA:0,(anonymous_1)
FNDA:0,(anonymous_2)
FNDA:0,(anonymous_3)
FNDA:0,(anonymous_4)
FNDA:0,(anonymous_5)
FNDA:0,(anonymous_6)
FNDA:0,(anonymous_7)
DA:7,0
DA:12,0
DA:13,0
DA:17,0
DA:19,0
DA:20,0
DA:21,0
DA:25,0
DA:26,0
DA:27,0
DA:31,0
DA:32,0
DA:33,0
DA:37,0
DA:38,0
DA:39,0
DA:43,0
DA:44,0
DA:45,0
DA:49,0
DA:50,0
DA:51,0
DA:57,0
DA:60,0
LF:24
LH:0
BRDA:20,0,0,0
BRDA:20,0,1,0
BRDA:20,1,0,0
BRDA:20,1,1,0
BRDA:26,2,0,0
BRDA:26,2,1,0
BRDA:26,3,0,0
BRDA:26,3,1,0
BRDA:32,4,0,0
BRDA:32,4,1,0
BRDA:32,5,0,0
BRDA:32,5,1,0
BRDA:38,6,0,0
BRDA:38,6,1,0
BRDA:38,7,0,0
BRDA:38,7,1,0
BRDA:44,8,0,0
BRDA:44,8,1,0
BRDA:44,9,0,0
BRDA:44,9,1,0
BRDA:50,10,0,0
BRDA:50,10,1,0
BRDA:50,11,0,0
BRDA:50,11,1,0
BRF:24
BRH:0
end_of_record
TN:
SF:plugins/formatIndent.js
FN:6,(anonymous_0)
FN:11,(anonymous_1)
FN:35,(anonymous_2)
FN:57,(anonymous_3)
FNF:4
FNH:1
FNDA:1,(anonymous_0)
FNDA:0,(anonymous_1)
FNDA:0,(anonymous_2)
FNDA:0,(anonymous_3)
DA:6,1
DA:8,1
DA:13,0
DA:14,0
DA:15,0
DA:18,0
DA:19,0
DA:20,0
DA:21,0
DA:24,0
DA:25,0
DA:26,0
DA:29,0
DA:30,0
DA:31,0
DA:32,0
DA:35,0
DA:36,0
DA:37,0
DA:40,0
DA:41,0
DA:45,0
DA:48,0
DA:51,0
DA:52,0
DA:57,0
DA:58,0
DA:59,0
DA:62,0
DA:63,0
DA:67,0
DA:70,0
DA:73,0
DA:74,0
DA:79,0
DA:80,0
DA:83,0
DA:84,0
DA:85,0
DA:86,0
DA:88,0
LF:41
LH:2
BRDA:40,0,0,0
BRDA:40,0,1,0
BRDA:51,1,0,0
BRDA:51,1,1,0
BRDA:62,2,0,0
BRDA:62,2,1,0
BRDA:73,3,0,0
BRDA:73,3,1,0
BRF:8
BRH:0
end_of_record
TN:
SF:plugins/heading.js
FN:6,(anonymous_0)
FN:11,(anonymous_1)
FN:42,(anonymous_2)
FN:68,(anonymous_3)
FN:216,(anonymous_4)
FN:229,(anonymous_5)
FN:239,(anonymous_6)
FN:258,(anonymous_7)
FN:259,(anonymous_8)
FN:273,(anonymous_9)
FNF:10
FNH:0
FNDA:0,(anonymous_0)
FNDA:0,(anonymous_1)
FNDA:0,(anonymous_2)
FNDA:0,(anonymous_3)
FNDA:0,(anonymous_4)
FNDA:0,(anonymous_5)
FNDA:0,(anonymous_6)
FNDA:0,(anonymous_7)
FNDA:0,(anonymous_8)
FNDA:0,(anonymous_9)
DA:6,0
DA:8,0
DA:13,0
DA:14,0
DA:15,0
DA:18,0
DA:19,0
DA:20,0
DA:21,0
DA:24,0
DA:25,0
DA:28,0
DA:29,0
DA:30,0
DA:31,0
DA:34,0
DA:42,0
DA:43,0
DA:44,0
DA:45,0
DA:48,0
DA:50,0
DA:51,0
DA:52,0
DA:54,0
DA:55,0
DA:56,0
DA:58,0
DA:59,0
DA:60,0
DA:62,0
DA:63,0
DA:64,0
DA:68,0
DA:69,0
DA:73,0
DA:75,0
DA:78,0
DA:81,0
DA:84,0
DA:87,0
DA:88,0
DA:90,0
DA:91,0
DA:94,0
DA:95,0
DA:98,0
DA:101,0
DA:104,0
DA:105,0
DA:109,0
DA:111,0
DA:114,0
DA:115,0
DA:116,0
DA:117,0
DA:119,0
DA:120,0
DA:121,0
DA:122,0
DA:125,0
DA:128,0
DA:130,0
DA:132,0
DA:133,0
DA:134,0
DA:137,0
DA:138,0
DA:141,0
DA:142,0
DA:143,0
DA:144,0
DA:147,0
DA:149,0
DA:150,0
DA:151,0
DA:154,0
DA:155,0
DA:158,0
DA:159,0
DA:160,0
DA:161,0
DA:166,0
DA:167,0
DA:168,0
DA:171,0
DA:172,0
DA:175,0
DA:176,0
DA:177,0
DA:178,0
DA:182,0
DA:185,0
DA:188,0
DA:190,0
DA:194,0
DA:195,0
DA:197,0
DA:201,0
DA:204,0
DA:205,0
DA:209,0
DA:216,0
DA:217,0
DA:219,0
DA:220,0
DA:221,0
DA:226,0
DA:229,0
DA:230,0
DA:234,0
DA:235,0
DA:239,0
DA:240,0
DA:244,0
DA:247,0
DA:249,0
DA:251,0
DA:254,0
DA:255,0
DA:258,0
DA:259,0
DA:261,0
DA:262,0
DA:265,0
DA:268,0
DA:273,0
DA:274,0
DA:275,0
DA:279,0
LF:130
LH:0
BRDA:48,0,0,0
BRDA:48,0,1,0
BRDA:48,0,2,0
BRDA:48,0,3,0
BRDA:73,1,0,0
BRDA:73,1,1,0
BRDA:88,2,0,0
BRDA:88,2,1,0
BRDA:94,3,0,0
BRDA:94,3,1,0
BRDA:104,4,0,0
BRDA:104,4,1,0
BRDA:109,5,0,0
BRDA:109,5,1,0
BRDA:109,6,0,0
BRDA:109,6,1,0
BRDA:109,6,2,0
BRDA:109,6,3,0
BRDA:119,7,0,0
BRDA:119,7,1,0
BRDA:120,8,0,0
BRDA:120,8,1,0
BRDA:121,9,0,0
BRDA:121,9,1,0
BRDA:122,10,0,0
BRDA:122,10,1,0
BRDA:125,11,0,0
BRDA:125,11,1,0
BRDA:128,12,0,0
BRDA:128,12,1,0
BRDA:130,13,0,0
BRDA:130,13,1,0
BRDA:147,14,0,0
BRDA:147,14,1,0
BRDA:204,15,0,0
BRDA:204,15,1,0
BRDA:219,16,0,0
BRDA:219,16,1,0
BRDA:234,17,0,0
BRDA:234,17,1,0
BRDA:240,18,0,0
BRDA:240,18,1,0
BRDA:247,19,0,0
BRDA:247,19,1,0
BRDA:261,20,0,0
BRDA:261,20,1,0
BRDA:261,21,0,0
BRDA:261,21,1,0
BRDA:274,22,0,0
BRDA:274,22,1,0
BRF:50
BRH:0
end_of_record
TN:
SF:plugins/highlight.js
FN:6,(anonymous_0)
FN:9,(anonymous_1)
FN:46,(anonymous_2)
FN:53,(anonymous_3)
FN:60,(anonymous_4)
FN:88,(anonymous_5)
FN:93,(anonymous_6)
FN:105,(anonymous_7)
FN:143,(anonymous_8)
FNF:9
FNH:0
FNDA:0,(anonymous_0)
FNDA:0,(anonymous_1)
FNDA:0,(anonymous_2)
FNDA:0,(anonymous_3)
FNDA:0,(anonymous_4)
FNDA:0,(anonymous_5)
FNDA:0,(anonymous_6)
FNDA:0,(anonymous_7)
FNDA:0,(anonymous_8)
DA:6,0
DA:8,0
DA:11,0
DA:12,0
DA:15,0
DA:16,0
DA:17,0
DA:18,0
DA:19,0
DA:22,0
DA:23,0
DA:24,0
DA:25,0
DA:26,0
DA:29,0
DA:30,0
DA:31,0
DA:34,0
DA:41,0
DA:42,0
DA:43,0
DA:46,0
DA:47,0
DA:48,0
DA:49,0
DA:50,0
DA:53,0
DA:55,0
DA:56,0
DA:57,0
DA:60,0
DA:62,0
DA:65,0
DA:66,0
DA:69,0
DA:70,0
DA:72,0
DA:75,0
DA:80,0
DA:85,0
DA:88,0
DA:89,0
DA:93,0
DA:94,0
DA:95,0
DA:98,0
DA:99,0
DA:101,0
DA:105,0
DA:106,0
DA:107,0
DA:108,0
DA:113,0
DA:116,0
DA:118,0
DA:121,0
DA:122,0
DA:125,0
DA:126,0
DA:127,0
DA:128,0
DA:129,0
DA:130,0
DA:133,0
DA:134,0
DA:135,0
DA:136,0
DA:139,0
DA:143,0
DA:145,0
DA:146,0
DA:147,0
DA:148,0
DA:149,0
DA:150,0
DA:151,0
DA:157,0
DA:159,0
LF:78
LH:0
BRDA:55,0,0,0
BRDA:55,0,1,0
BRDA:98,1,0,0
BRDA:98,1,1,0
BRDA:106,2,0,0
BRDA:106,2,1,0
BRDA:116,3,0,0
BRDA:116,3,1,0
BRDA:139,4,0,0
BRDA:139,4,1,0
BRDA:145,5,0,0
BRDA:145,5,1,0
BRDA:145,6,0,0
BRDA:145,6,1,0
BRDA:146,7,0,0
BRDA:146,7,1,0
BRF:16
BRH:0
end_of_record
TN:
SF:plugins/history.js
FN:6,(anonymous_0)
FN:9,(anonymous_1)
FN:14,(anonymous_2)
FN:28,(anonymous_3)
FN:54,(anonymous_4)
FN:62,(anonymous_5)
FN:79,(anonymous_6)
FN:87,(anonymous_7)
FN:104,(anonymous_8)
FN:113,setupKeyboardShortcuts
FN:114,(anonymous_10)
FN:131,setupHistoryTracking
FN:138,(anonymous_12)
FN:139,(anonymous_13)
FN:145,(anonymous_14)
FN:163,(anonymous_15)
FN:182,(anonymous_16)
FN:194,(anonymous_17)
FNF:18
FNH:0
FNDA:0,(anonymous_0)
FNDA:0,(anonymous_1)
FNDA:0,(anonymous_2)
FNDA:0,(anonymous_3)
FNDA:0,(anonymous_4)
FNDA:0,(anonymous_5)
FNDA:0,(anonymous_6)
FNDA:0,(anonymous_7)
FNDA:0,(anonymous_8)
FNDA:0,setupKeyboardShortcuts
FNDA:0,(anonymous_10)
FNDA:0,setupHistoryTracking
FNDA:0,(anonymous_12)
FNDA:0,(anonymous_13)
FNDA:0,(anonymous_14)
FNDA:0,(anonymous_15)
FNDA:0,(anonymous_16)
FNDA:0,(anonymous_17)
DA:6,0
DA:8,0
DA:10,0
DA:15,0
DA:16,0
DA:24,0
DA:29,0
DA:31,0
DA:33,0
DA:36,0
DA:39,0
DA:42,0
DA:43,0
DA:47,0
DA:50,0
DA:55,0
DA:56,0
DA:57,0
DA:58,0
DA:63,0
DA:65,0
DA:68,0
DA:71,0
DA:74,0
DA:75,0
DA:76,0
DA:79,0
DA:80,0
DA:83,0
DA:88,0
DA:90,0
DA:93,0
DA:96,0
DA:99,0
DA:100,0
DA:101,0
DA:104,0
DA:105,0
DA:108,0
DA:114,0
DA:116,0
DA:117,0
DA:118,0
DA:122,0
DA:124,0
DA:125,0
DA:133,0
DA:136,0
DA:138,0
DA:139,0
DA:140,0
DA:145,0
DA:146,0
DA:150,0
DA:159,0
DA:164,0
DA:165,0
DA:167,0
DA:168,0
DA:171,0
DA:172,0
DA:174,0
DA:179,0
DA:183,0
DA:184,0
DA:186,0
DA:191,0
DA:195,0
DA:196,0
DA:198,0
LF:70
LH:0
BRDA:15,0,0,0
BRDA:15,0,1,0
BRDA:31,1,0,0
BRDA:31,1,1,0
BRDA:36,2,0,0
BRDA:36,2,1,0
BRDA:42,3,0,0
BRDA:42,3,1,0
BRDA:65,4,0,0
BRDA:65,4,1,0
BRDA:90,5,0,0
BRDA:90,5,1,0
BRDA:116,6,0,0
BRDA:116,6,1,0
BRDA:116,7,0,0
BRDA:116,7,1,0
BRDA:116,7,2,0
BRDA:116,7,3,0
BRDA:122,8,0,0
BRDA:122,8,1,0
BRDA:122,9,0,0
BRDA:122,9,1,0
BRDA:122,9,2,0
BRDA:122,9,3,0
BRDA:122,9,4,0
BRDA:122,9,5,0
BRDA:165,10,0,0
BRDA:165,10,1,0
BRDA:167,11,0,0
BRDA:167,11,1,0
BRDA:184,12,0,0
BRDA:184,12,1,0
BRDA:184,13,0,0
BRDA:184,13,1,0
BRDA:196,14,0,0
BRDA:196,14,1,0
BRDA:196,15,0,0
BRDA:196,15,1,0
BRF:38
BRH:0
end_of_record
TN:
SF:plugins/italic.js
FN:6,(anonymous_0)
FN:14,(anonymous_1)
FNF:2
FNH:1
FNDA:1,(anonymous_0)
FNDA:0,(anonymous_1)
DA:6,1
DA:11,1
DA:16,0
LF:3
LH:2
BRF:0
BRH:0
end_of_record
TN:
SF:plugins/link.js
FN:6,(anonymous_0)
FN:10,(anonymous_1)
FN:77,(anonymous_2)
FN:81,(anonymous_3)
FN:113,(anonymous_4)
FNF:5
FNH:0
FNDA:0,(anonymous_0)
FNDA:0,(anonymous_1)
FNDA:0,(anonymous_2)
FNDA:0,(anonymous_3)
FNDA:0,(anonymous_4)
DA:6,0
DA:7,0
DA:12,0
DA:13,0
DA:14,0
DA:18,0
DA:19,0
DA:23,0
DA:26,0
DA:27,0
DA:30,0
DA:33,0
DA:34,0
DA:35,0
DA:36,0
DA:39,0
DA:40,0
DA:44,0
DA:45,0
DA:46,0
DA:51,0
DA:54,0
DA:57,0
DA:59,0
DA:60,0
DA:64,0
DA:65,0
DA:68,0
DA:70,0
DA:72,0
DA:73,0
DA:77,0
DA:78,0
DA:81,0
DA:82,0
DA:83,0
DA:89,0
DA:90,0
DA:94,0
DA:95,0
DA:96,0
DA:97,0
DA:101,0
DA:104,0
DA:105,0
DA:106,0
DA:107,0
DA:108,0
DA:109,0
DA:113,0
DA:114,0
DA:115,0
LF:52
LH:0
BRDA:12,0,0,0
BRDA:12,0,1,0
BRDA:18,1,0,0
BRDA:18,1,1,0
BRDA:34,2,0,0
BRDA:34,2,1,0
BRDA:39,3,0,0
BRDA:39,3,1,0
BRDA:45,4,0,0
BRDA:45,4,1,0
BRDA:54,5,0,0
BRDA:54,5,1,0
BRDA:57,6,0,0
BRDA:57,6,1,0
BRDA:59,7,0,0
BRDA:59,7,1,0
BRDA:64,8,0,0
BRDA:64,8,1,0
BRDA:68,9,0,0
BRDA:68,9,1,0
BRDA:70,10,0,0
BRDA:70,10,1,0
BRDA:72,11,0,0
BRDA:72,11,1,0
BRDA:82,12,0,0
BRDA:82,12,1,0
BRDA:95,13,0,0
BRDA:95,13,1,0
BRDA:101,14,0,0
BRDA:101,14,1,0
BRDA:114,15,0,0
BRDA:114,15,1,0
BRF:32
BRH:0
end_of_record
TN:
SF:plugins/list.js
FN:7,(anonymous_0)
FN:11,(anonymous_1)
FN:24,(anonymous_2)
FN:50,(anonymous_3)
FN:63,(anonymous_4)
FN:89,(anonymous_5)
FN:102,(anonymous_6)
FN:126,createChecklist
FN:141,(anonymous_8)
FN:165,(anonymous_9)
FNF:10
FNH:0
FNDA:0,(anonymous_0)
FNDA:0,(anonymous_1)
FNDA:0,(anonymous_2)
FNDA:0,(anonymous_3)
FNDA:0,(anonymous_4)
FNDA:0,(anonymous_5)
FNDA:0,(anonymous_6)
FNDA:0,createChecklist
FNDA:0,(anonymous_8)
FNDA:0,(anonymous_9)
DA:7,0
DA:8,0
DA:13,0
DA:14,0
DA:15,0
DA:18,0
DA:19,0
DA:20,0
DA:21,0
DA:24,0
DA:25,0
DA:26,0
DA:29,0
DA:30,0
DA:31,0
DA:32,0
DA:35,0
DA:37,0
DA:38,0
DA:42,0
DA:47,0
DA:52,0
DA:53,0
DA:54,0
DA:57,0
DA:58,0
DA:59,0
DA:60,0
DA:63,0
DA:64,0
DA:65,0
DA:68,0
DA:69,0
DA:70,0
DA:71,0
DA:74,0
DA:76,0
DA:77,0
DA:81,0
DA:86,0
DA:91,0
DA:92,0
DA:93,0
DA:96,0
DA:97,0
DA:98,0
DA:99,0
DA:102,0
DA:103,0
DA:104,0
DA:107,0
DA:108,0
DA:109,0
DA:110,0
DA:114,0
DA:116,0
DA:117,0
DA:121,0
DA:127,0
DA:128,0
DA:130,0
DA:131,0
DA:133,0
DA:136,0
DA:138,0
DA:140,0
DA:141,0
DA:143,0
DA:144,0
DA:145,0
DA:146,0
DA:147,0
DA:152,0
DA:156,0
DA:159,0
DA:160,0
DA:161,0
DA:164,0
DA:165,0
DA:166,0
DA:167,0
DA:168,0
DA:169,0
LF:83
LH:0
BRDA:29,0,0,0
BRDA:29,0,1,0
BRDA:37,1,0,0
BRDA:37,1,1,0
BRDA:68,2,0,0
BRDA:68,2,1,0
BRDA:76,3,0,0
BRDA:76,3,1,0
BRDA:107,4,0,0
BRDA:107,4,1,0
BRDA:116,5,0,0
BRDA:116,5,1,0
BRDA:128,6,0,0
BRDA:128,6,1,0
BRDA:133,7,0,0
BRDA:133,7,1,0
BRDA:138,8,0,0
BRDA:138,8,1,0
BRDA:143,9,0,0
BRDA:143,9,1,0
BRDA:160,10,0,0
BRDA:160,10,1,0
BRF:22
BRH:0
end_of_record
TN:
SF:plugins/reset.js
FN:5,(anonymous_0)
FN:10,(anonymous_1)
FN:26,getSelectionInfo
FN:53,applyBasicFormatRemoval
FN:66,restoreSelection
FN:102,findCommonAncestor
FN:117,removeInlineFormatting
FN:198,resetFormattingInSelection
FN:270,handleBlockquote
FN:304,handleBlockTags
FN:306,(anonymous_10)
FN:345,replaceWithPlainText
FNF:12
FNH:1
FNDA:1,(anonymous_0)
FNDA:0,(anonymous_1)
FNDA:0,getSelectionInfo
FNDA:0,applyBasicFormatRemoval
FNDA:0,restoreSelection
FNDA:0,findCommonAncestor
FNDA:0,removeInlineFormatting
FNDA:0,resetFormattingInSelection
FNDA:0,handleBlockquote
FNDA:0,handleBlockTags
FNDA:0,(anonymous_10)
FNDA:0,replaceWithPlainText
DA:5,1
DA:7,1
DA:11,0
DA:12,0
DA:17,1
DA:21,1
DA:27,0
DA:28,0
DA:30,0
DA:31,0
DA:34,0
DA:35,0
DA:39,0
DA:55,0
DA:56,0
DA:60,0
DA:67,0
DA:69,0
DA:70,0
DA:71,0
DA:72,0
DA:73,0
DA:75,0
DA:78,0
DA:79,0
DA:82,0
DA:83,0
DA:84,0
DA:86,0
DA:87,0
DA:88,0
DA:89,0
DA:92,0
DA:95,0
DA:103,0
DA:106,0
DA:107,0
DA:110,0
DA:118,0
DA:120,0
DA:122,0
DA:125,0
DA:126,0
DA:129,0
DA:130,0
DA:133,0
DA:134,0
DA:141,0
DA:142,0
DA:143,0
DA:144,0
DA:147,0
DA:148,0
DA:149,0
DA:152,0
DA:155,0
DA:158,0
DA:159,0
DA:160,0
DA:161,0
DA:164,0
DA:165,0
DA:166,0
DA:169,0
DA:170,0
DA:171,0
DA:172,0
DA:173,0
DA:175,0
DA:177,0
DA:180,0
DA:182,0
DA:183,0
DA:184,0
DA:185,0
DA:188,0
DA:191,0
DA:200,0
DA:201,0
DA:202,0
DA:203,0
DA:206,0
DA:208,0
DA:209,0
DA:210,0
DA:211,0
DA:214,0
DA:219,0
DA:222,0
DA:223,0
DA:224,0
DA:228,0
DA:231,0
DA:232,0
DA:233,0
DA:234,0
DA:235,0
DA:236,0
DA:237,0
DA:238,0
DA:239,0
DA:241,0
DA:242,0
DA:247,0
DA:249,0
DA:251,0
DA:254,0
DA:255,0
DA:256,0
DA:257,0
DA:258,0
DA:261,0
DA:271,0
DA:273,0
DA:274,0
DA:275,0
DA:279,0
DA:280,0
DA:283,0
DA:286,0
DA:287,0
DA:290,0
DA:293,0
DA:295,0
DA:296,0
DA:305,0
DA:306,0
DA:308,0
DA:309,0
DA:313,0
DA:314,0
DA:316,0
DA:317,0
DA:321,0
DA:322,0
DA:325,0
DA:328,0
DA:329,0
DA:332,0
DA:335,0
DA:337,0
DA:338,0
DA:346,0
DA:348,0
DA:351,0
DA:354,0
DA:357,0
DA:359,0
DA:361,0
DA:362,0
LF:150
LH:4
BRDA:28,0,0,0
BRDA:28,0,1,0
BRDA:28,1,0,0
BRDA:28,1,1,0
BRDA:31,2,0,0
BRDA:31,2,1,0
BRDA:34,3,0,0
BRDA:34,3,1,0
BRDA:67,4,0,0
BRDA:67,4,1,0
BRDA:67,5,0,0
BRDA:67,5,1,0
BRDA:79,6,0,0
BRDA:79,6,1,0
BRDA:79,7,0,0
BRDA:79,7,1,0
BRDA:106,8,0,0
BRDA:106,8,1,0
BRDA:126,9,0,0
BRDA:126,9,1,0
BRDA:126,10,0,0
BRDA:126,10,1,0
BRDA:133,11,0,0
BRDA:133,11,1,0
BRDA:182,12,0,0
BRDA:182,12,1,0
BRDA:201,13,0,0
BRDA:201,13,1,0
BRDA:209,14,0,0
BRDA:209,14,1,0
BRDA:214,15,0,0
BRDA:214,15,1,0
BRDA:222,16,0,0
BRDA:222,16,1,0
BRDA:231,17,0,0
BRDA:231,17,1,0
BRDA:256,18,0,0
BRDA:256,18,1,0
BRDA:256,19,0,0
BRDA:256,19,1,0
BRDA:274,20,0,0
BRDA:274,20,1,0
BRDA:308,21,0,0
BRDA:308,21,1,0
BRDA:316,22,0,0
BRDA:316,22,1,0
BRF:46
BRH:0
end_of_record
TN:
SF:plugins/strike.js
FN:6,(anonymous_0)
FN:14,(anonymous_1)
FNF:2
FNH:0
FNDA:0,(anonymous_0)
FNDA:0,(anonymous_1)
DA:6,0
DA:11,0
DA:16,0
LF:3
LH:0
BRF:0
BRH:0
end_of_record
TN:
SF:plugins/underline.js
FN:6,(anonymous_0)
FN:14,(anonymous_1)
FNF:2
FNH:1
FNDA:1,(anonymous_0)
FNDA:0,(anonymous_1)
DA:6,1
DA:11,1
DA:16,0
LF:3
LH:2
BRF:0
BRH:0
end_of_record
